<?xml version="1.0" encoding="UTF-8"?>
<!-- Generated by org.testng.reporters.JUnitReportReporter -->
<testsuite hostname="DESKTOP-MGCOIO3" failures="0" tests="4" name="newPack.Test.StandaloneFrameworkDesign" time="51.769" errors="0" timestamp="2024-04-08T13:20:04 IST" skipped="0">
  <testcase classname="newPack.Test.StandaloneFrameworkDesign" name="play" time="12.962"/>
  <testcase classname="newPack.Test.StandaloneFrameworkDesign" name="play1" time="7.176"/>
  <testcase classname="newPack.Test.StandaloneFrameworkDesign" name="play1" time="10.472"/>
  <testcase classname="newPack.Test.StandaloneFrameworkDesign" name="play" time="21.159"/>
</testsuite> <!-- newPack.Test.StandaloneFrameworkDesign -->
